<?xml version="1.0" encoding="UTF-8"?>
<testng-results ignored="0" total="3" passed="3" failed="0" skipped="0">
  <reporter-output>
  </reporter-output>
  <suite started-at="2023-02-03T20:29:41 EST" name="com.qa.CRM.tests.LoginPageTest" finished-at="2023-02-03T20:29:45 EST" duration-ms="3742">
    <groups>
    </groups>
    <test started-at="2023-02-03T20:29:41 EST" name="Command line test" finished-at="2023-02-03T20:29:45 EST" duration-ms="3742">
      <class name="com.qa.CRM.tests.LoginPageTest">
        <test-method is-config="true" signature="setUp()[pri:0, instance:com.qa.CRM.tests.LoginPageTest@5a955565]" started-at="2023-02-03T20:29:41 EST" name="setUp" finished-at="2023-02-03T20:29:43 EST" duration-ms="2378" status="PASS">
          <reporter-output>
          </reporter-output>
        </test-method> <!-- setUp -->
        <test-method signature="verifyLoginPageTitleTest()[pri:1, instance:com.qa.CRM.tests.LoginPageTest@5a955565]" started-at="2023-02-03T20:29:43 EST" name="verifyLoginPageTitleTest" finished-at="2023-02-03T20:29:43 EST" duration-ms="20" status="PASS">
          <reporter-output>
          </reporter-output>
        </test-method> <!-- verifyLoginPageTitleTest -->
        <test-method signature="verifySignupLinkTest()[pri:2, instance:com.qa.CRM.tests.LoginPageTest@5a955565]" started-at="2023-02-03T20:29:43 EST" name="verifySignupLinkTest" finished-at="2023-02-03T20:29:44 EST" duration-ms="338" status="PASS">
          <reporter-output>
          </reporter-output>
        </test-method> <!-- verifySignupLinkTest -->
        <test-method signature="loginTest()[pri:3, instance:com.qa.CRM.tests.LoginPageTest@5a955565]" started-at="2023-02-03T20:29:44 EST" name="loginTest" finished-at="2023-02-03T20:29:45 EST" duration-ms="849" status="PASS">
          <reporter-output>
          </reporter-output>
        </test-method> <!-- loginTest -->
        <test-method is-config="true" signature="tearDown()[pri:0, instance:com.qa.CRM.tests.LoginPageTest@5a955565]" started-at="2023-02-03T20:29:45 EST" name="tearDown" finished-at="2023-02-03T20:29:45 EST" duration-ms="128" status="PASS">
          <reporter-output>
          </reporter-output>
        </test-method> <!-- tearDown -->
      </class> <!-- com.qa.CRM.tests.LoginPageTest -->
    </test> <!-- Command line test -->
  </suite> <!-- com.qa.CRM.tests.LoginPageTest -->
</testng-results>
