<?xml version="1.0" encoding="UTF-8"?>
<testng-results ignored="0" total="17" passed="17" failed="0" skipped="0">
  <reporter-output>
  </reporter-output>
  <suite started-at="2023-01-30T15:07:16 EST" name="CRM Test Automation Regression Test" finished-at="2023-01-30T15:07:37 EST" duration-ms="21226">
    <groups>
    </groups>
    <test started-at="2023-01-30T15:07:16 EST" name="LoginPage Test" finished-at="2023-01-30T15:07:25 EST" duration-ms="9331">
      <class name="com.qa.CRM.tests.LoginPageTest">
        <test-method is-config="true" signature="setUp()[pri:0, instance:com.qa.CRM.tests.LoginPageTest@5cee5251]" started-at="2023-01-30T15:07:16 EST" name="setUp" finished-at="2023-01-30T15:07:21 EST" duration-ms="4939" status="PASS">
          <reporter-output>
          </reporter-output>
        </test-method> <!-- setUp -->
        <test-method signature="verifyLoginPageTitleTest()[pri:1, instance:com.qa.CRM.tests.LoginPageTest@5cee5251]" started-at="2023-01-30T15:07:21 EST" name="verifyLoginPageTitleTest" finished-at="2023-01-30T15:07:21 EST" duration-ms="85" status="PASS">
          <reporter-output>
          </reporter-output>
        </test-method> <!-- verifyLoginPageTitleTest -->
        <test-method signature="verifySignupLinkTest()[pri:2, instance:com.qa.CRM.tests.LoginPageTest@5cee5251]" started-at="2023-01-30T15:07:21 EST" name="verifySignupLinkTest" finished-at="2023-01-30T15:07:21 EST" duration-ms="138" status="PASS">
          <reporter-output>
          </reporter-output>
        </test-method> <!-- verifySignupLinkTest -->
        <test-method signature="loginTest()[pri:3, instance:com.qa.CRM.tests.LoginPageTest@5cee5251]" started-at="2023-01-30T15:07:21 EST" name="loginTest" finished-at="2023-01-30T15:07:25 EST" duration-ms="3997" status="PASS">
          <reporter-output>
          </reporter-output>
        </test-method> <!-- loginTest -->
        <test-method is-config="true" signature="tearDown()[pri:0, instance:com.qa.CRM.tests.LoginPageTest@5cee5251]" started-at="2023-01-30T15:07:25 EST" name="tearDown" finished-at="2023-01-30T15:07:25 EST" duration-ms="121" status="PASS">
          <reporter-output>
          </reporter-output>
        </test-method> <!-- tearDown -->
      </class> <!-- com.qa.CRM.tests.LoginPageTest -->
    </test> <!-- LoginPage Test -->
    <test started-at="2023-01-30T15:07:16 EST" name="HomePage Test" finished-at="2023-01-30T15:07:27 EST" duration-ms="11412">
      <class name="com.qa.CRM.tests.HomePageTests">
        <test-method is-config="true" signature="setUp()[pri:0, instance:com.qa.CRM.tests.HomePageTests@6a400542]" started-at="2023-01-30T15:07:16 EST" name="setUp" finished-at="2023-01-30T15:07:21 EST" duration-ms="4880" status="PASS">
          <reporter-output>
          </reporter-output>
        </test-method> <!-- setUp -->
        <test-method is-config="true" signature="homepageSetUp()[pri:0, instance:com.qa.CRM.tests.HomePageTests@6a400542]" started-at="2023-01-30T15:07:21 EST" name="homepageSetUp" finished-at="2023-01-30T15:07:25 EST" duration-ms="4200" status="PASS">
          <reporter-output>
          </reporter-output>
        </test-method> <!-- homepageSetUp -->
        <test-method signature="homePageTitleTest()[pri:1, instance:com.qa.CRM.tests.HomePageTests@6a400542]" started-at="2023-01-30T15:07:25 EST" name="homePageTitleTest" finished-at="2023-01-30T15:07:25 EST" duration-ms="11" status="PASS">
          <reporter-output>
          </reporter-output>
        </test-method> <!-- homePageTitleTest -->
        <test-method signature="verifyHomePageHeaderTest()[pri:2, instance:com.qa.CRM.tests.HomePageTests@6a400542]" started-at="2023-01-30T15:07:25 EST" name="verifyHomePageHeaderTest" finished-at="2023-01-30T15:07:26 EST" duration-ms="1197" status="PASS">
          <reporter-output>
          </reporter-output>
        </test-method> <!-- verifyHomePageHeaderTest -->
        <test-method signature="verifySetUpIconTest()[pri:3, instance:com.qa.CRM.tests.HomePageTests@6a400542]" started-at="2023-01-30T15:07:26 EST" name="verifySetUpIconTest" finished-at="2023-01-30T15:07:26 EST" duration-ms="137" status="PASS">
          <reporter-output>
          </reporter-output>
        </test-method> <!-- verifySetUpIconTest -->
        <test-method signature="verifyTheCountOfHeaderTest()[pri:4, instance:com.qa.CRM.tests.HomePageTests@6a400542]" started-at="2023-01-30T15:07:26 EST" name="verifyTheCountOfHeaderTest" finished-at="2023-01-30T15:07:26 EST" duration-ms="23" status="PASS">
          <reporter-output>
          </reporter-output>
        </test-method> <!-- verifyTheCountOfHeaderTest -->
        <test-method signature="clickOnContactsTest()[pri:6, instance:com.qa.CRM.tests.HomePageTests@6a400542]" started-at="2023-01-30T15:07:26 EST" name="clickOnContactsTest" finished-at="2023-01-30T15:07:27 EST" duration-ms="769" status="PASS">
          <reporter-output>
          </reporter-output>
        </test-method> <!-- clickOnContactsTest -->
        <test-method is-config="true" signature="tearDown()[pri:0, instance:com.qa.CRM.tests.HomePageTests@6a400542]" started-at="2023-01-30T15:07:27 EST" name="tearDown" finished-at="2023-01-30T15:07:27 EST" duration-ms="141" status="PASS">
          <reporter-output>
          </reporter-output>
        </test-method> <!-- tearDown -->
      </class> <!-- com.qa.CRM.tests.HomePageTests -->
    </test> <!-- HomePage Test -->
    <test started-at="2023-01-30T15:07:25 EST" name="ContactsPage Test" finished-at="2023-01-30T15:07:35 EST" duration-ms="10091">
      <class name="com.qa.CRM.tests.ContactsPageTests">
        <test-method is-config="true" signature="setUp()[pri:0, instance:com.qa.CRM.tests.ContactsPageTests@21de60b4]" started-at="2023-01-30T15:07:25 EST" name="setUp" finished-at="2023-01-30T15:07:29 EST" duration-ms="3369" status="PASS">
          <reporter-output>
          </reporter-output>
        </test-method> <!-- setUp -->
        <test-method is-config="true" signature="contactsPageSetUp()[pri:0, instance:com.qa.CRM.tests.ContactsPageTests@21de60b4]" started-at="2023-01-30T15:07:29 EST" name="contactsPageSetUp" finished-at="2023-01-30T15:07:33 EST" duration-ms="4113" status="PASS">
          <reporter-output>
          </reporter-output>
        </test-method> <!-- contactsPageSetUp -->
        <test-method signature="getTitle()[pri:1, instance:com.qa.CRM.tests.ContactsPageTests@21de60b4]" started-at="2023-01-30T15:07:33 EST" name="getTitle" finished-at="2023-01-30T15:07:33 EST" duration-ms="16" status="PASS">
          <reporter-output>
          </reporter-output>
        </test-method> <!-- getTitle -->
        <test-method signature="clickOnContactsTest()[pri:2, instance:com.qa.CRM.tests.ContactsPageTests@21de60b4]" started-at="2023-01-30T15:07:33 EST" name="clickOnContactsTest" finished-at="2023-01-30T15:07:34 EST" duration-ms="1528" status="PASS">
          <reporter-output>
          </reporter-output>
        </test-method> <!-- clickOnContactsTest -->
        <test-method signature="contactNameTest()[pri:4, instance:com.qa.CRM.tests.ContactsPageTests@21de60b4]" started-at="2023-01-30T15:07:34 EST" name="contactNameTest" finished-at="2023-01-30T15:07:34 EST" duration-ms="24" status="PASS">
          <reporter-output>
          </reporter-output>
        </test-method> <!-- contactNameTest -->
        <test-method signature="clickOnContactDeeptiTest()[pri:5, instance:com.qa.CRM.tests.ContactsPageTests@21de60b4]" started-at="2023-01-30T15:07:34 EST" name="clickOnContactDeeptiTest" finished-at="2023-01-30T15:07:35 EST" duration-ms="921" status="PASS">
          <reporter-output>
          </reporter-output>
        </test-method> <!-- clickOnContactDeeptiTest -->
        <test-method is-config="true" signature="tearDown()[pri:0, instance:com.qa.CRM.tests.ContactsPageTests@21de60b4]" started-at="2023-01-30T15:07:35 EST" name="tearDown" finished-at="2023-01-30T15:07:35 EST" duration-ms="114" status="PASS">
          <reporter-output>
          </reporter-output>
        </test-method> <!-- tearDown -->
      </class> <!-- com.qa.CRM.tests.ContactsPageTests -->
    </test> <!-- ContactsPage Test -->
    <test started-at="2023-01-30T15:07:27 EST" name="DeeptiContacts Test" finished-at="2023-01-30T15:07:37 EST" duration-ms="9810">
      <class name="com.qa.CRM.tests.DeeptiContactsTests">
        <test-method is-config="true" signature="setUp()[pri:0, instance:com.qa.CRM.tests.DeeptiContactsTests@3f197a46]" started-at="2023-01-30T15:07:27 EST" name="setUp" finished-at="2023-01-30T15:07:31 EST" duration-ms="3356" status="PASS">
          <reporter-output>
          </reporter-output>
        </test-method> <!-- setUp -->
        <test-method is-config="true" signature="DeeptiContactsPagesetUp()[pri:0, instance:com.qa.CRM.tests.DeeptiContactsTests@3f197a46]" started-at="2023-01-30T15:07:31 EST" name="DeeptiContactsPagesetUp" finished-at="2023-01-30T15:07:35 EST" duration-ms="4181" status="PASS">
          <reporter-output>
          </reporter-output>
        </test-method> <!-- DeeptiContactsPagesetUp -->
        <test-method signature="getThePageTitle()[pri:1, instance:com.qa.CRM.tests.DeeptiContactsTests@3f197a46]" started-at="2023-01-30T15:07:35 EST" name="getThePageTitle" finished-at="2023-01-30T15:07:35 EST" duration-ms="11" status="PASS">
          <reporter-output>
          </reporter-output>
        </test-method> <!-- getThePageTitle -->
        <test-method signature="clickOnContactsTest()[pri:2, instance:com.qa.CRM.tests.DeeptiContactsTests@3f197a46]" started-at="2023-01-30T15:07:35 EST" name="clickOnContactsTest" finished-at="2023-01-30T15:07:36 EST" duration-ms="1103" status="PASS">
          <reporter-output>
          </reporter-output>
        </test-method> <!-- clickOnContactsTest -->
        <test-method signature="getDeeptiContactsTest()[pri:3, instance:com.qa.CRM.tests.DeeptiContactsTests@3f197a46]" started-at="2023-01-30T15:07:36 EST" name="getDeeptiContactsTest" finished-at="2023-01-30T15:07:37 EST" duration-ms="937" status="PASS">
          <reporter-output>
          </reporter-output>
        </test-method> <!-- getDeeptiContactsTest -->
        <test-method signature="getCompanyNameTest()[pri:4, instance:com.qa.CRM.tests.DeeptiContactsTests@3f197a46]" started-at="2023-01-30T15:07:37 EST" name="getCompanyNameTest" finished-at="2023-01-30T15:07:37 EST" duration-ms="49" status="PASS">
          <reporter-output>
          </reporter-output>
        </test-method> <!-- getCompanyNameTest -->
        <test-method signature="getMobileNameTest()[pri:5, instance:com.qa.CRM.tests.DeeptiContactsTests@3f197a46]" started-at="2023-01-30T15:07:37 EST" name="getMobileNameTest" finished-at="2023-01-30T15:07:37 EST" duration-ms="38" status="PASS">
          <reporter-output>
          </reporter-output>
        </test-method> <!-- getMobileNameTest -->
        <test-method is-config="true" signature="tearDown()[pri:0, instance:com.qa.CRM.tests.DeeptiContactsTests@3f197a46]" started-at="2023-01-30T15:07:37 EST" name="tearDown" finished-at="2023-01-30T15:07:37 EST" duration-ms="132" status="PASS">
          <reporter-output>
          </reporter-output>
        </test-method> <!-- tearDown -->
      </class> <!-- com.qa.CRM.tests.DeeptiContactsTests -->
    </test> <!-- DeeptiContacts Test -->
  </suite> <!-- CRM Test Automation Regression Test -->
</testng-results>
