<?xml version="1.0" encoding="UTF-8"?>
<!-- Generated by org.testng.reporters.JUnitXMLReporter -->
<testsuite ignored="0" hostname="Nafisha" failures="0" tests="4" name="ContactsPage Test" time="10.161" errors="0" timestamp="2023-01-30T17:44:20 EST">
  <testcase classname="com.qa.CRM.tests.ContactsPageTests" name="getTitle" time="0.016"/>
  <testcase classname="com.qa.CRM.tests.ContactsPageTests" name="clickOnContactsTest" time="0.936"/>
  <testcase classname="com.qa.CRM.tests.ContactsPageTests" name="contactNameTest" time="0.025"/>
  <testcase classname="com.qa.CRM.tests.ContactsPageTests" name="clickOnContactDeeptiTest" time="0.943"/>
</testsuite> <!-- ContactsPage Test -->
