<?xml version="1.0" encoding="UTF-8"?>
<!-- Generated by org.testng.reporters.JUnitXMLReporter -->
<testsuite ignored="0" hostname="Nafisha" failures="0" tests="4" name="ContactsPage Test" time="10.471" errors="0" timestamp="2023-02-01T20:38:33 EST">
  <testcase classname="com.qa.CRM.tests.ContactsPageTests" name="getTitle" time="0.032"/>
  <testcase classname="com.qa.CRM.tests.ContactsPageTests" name="clickOnContactsTest" time="1.143"/>
  <testcase classname="com.qa.CRM.tests.ContactsPageTests" name="contactNameTest" time="0.057"/>
  <testcase classname="com.qa.CRM.tests.ContactsPageTests" name="clickOnContactDeeptiTest" time="1.064"/>
</testsuite> <!-- ContactsPage Test -->
