<?xml version="1.0" encoding="UTF-8"?>
<!-- Generated by org.testng.reporters.JUnitXMLReporter -->
<testsuite ignored="0" hostname="Nafisha" failures="0" tests="5" name="DeeptiContacts Test" time="9.85" errors="0" timestamp="2023-01-30T17:44:22 EST">
  <testcase classname="com.qa.CRM.tests.DeeptiContactsTests" name="getThePageTitle" time="0.013"/>
  <testcase classname="com.qa.CRM.tests.DeeptiContactsTests" name="clickOnContactsTest" time="1.091"/>
  <testcase classname="com.qa.CRM.tests.DeeptiContactsTests" name="getDeeptiContactsTest" time="0.927"/>
  <testcase classname="com.qa.CRM.tests.DeeptiContactsTests" name="getCompanyNameTest" time="0.037"/>
  <testcase classname="com.qa.CRM.tests.DeeptiContactsTests" name="getMobileNameTest" time="0.029"/>
</testsuite> <!-- DeeptiContacts Test -->
