<?xml version="1.0" encoding="UTF-8"?>
<!-- Generated by org.testng.reporters.JUnitXMLReporter -->
<testsuite ignored="0" hostname="Nafisha" failures="0" tests="5" name="DeeptiContacts Test" time="10.172" errors="0" timestamp="2023-01-30T18:42:18 EST">
  <testcase classname="com.qa.CRM.tests.DeeptiContactsTests" name="getThePageTitle" time="0.012"/>
  <testcase classname="com.qa.CRM.tests.DeeptiContactsTests" name="clickOnContactsTest" time="1.117"/>
  <testcase classname="com.qa.CRM.tests.DeeptiContactsTests" name="getDeeptiContactsTest" time="0.99"/>
  <testcase classname="com.qa.CRM.tests.DeeptiContactsTests" name="getCompanyNameTest" time="0.033"/>
  <testcase classname="com.qa.CRM.tests.DeeptiContactsTests" name="getMobileNameTest" time="0.035"/>
</testsuite> <!-- DeeptiContacts Test -->
