<?xml version="1.0" encoding="UTF-8"?>
<!-- Generated by org.testng.reporters.JUnitXMLReporter -->
<testsuite ignored="0" hostname="Nafisha" failures="0" tests="5" name="HomePage Test" time="16.373" errors="0" timestamp="2023-02-01T20:38:25 EST">
  <testcase classname="com.qa.CRM.tests.HomePageTests" name="homePageTitleTest" time="0.056"/>
  <testcase classname="com.qa.CRM.tests.HomePageTests" name="verifyHomePageHeaderTest" time="1.372"/>
  <testcase classname="com.qa.CRM.tests.HomePageTests" name="verifySetUpIconTest" time="0.217"/>
  <testcase classname="com.qa.CRM.tests.HomePageTests" name="verifyTheCountOfHeaderTest" time="0.014"/>
  <testcase classname="com.qa.CRM.tests.HomePageTests" name="clickOnContactsTest" time="1.046"/>
</testsuite> <!-- HomePage Test -->
