<?xml version="1.0" encoding="UTF-8"?>
<!-- Generated by org.testng.reporters.JUnitXMLReporter -->
<testsuite ignored="0" hostname="Nafisha" failures="0" tests="5" name="HomePage Test" time="11.678" errors="0" timestamp="2023-01-30T18:42:07 EST">
  <testcase classname="com.qa.CRM.tests.HomePageTests" name="homePageTitleTest" time="0.018"/>
  <testcase classname="com.qa.CRM.tests.HomePageTests" name="verifyHomePageHeaderTest" time="1.211"/>
  <testcase classname="com.qa.CRM.tests.HomePageTests" name="verifySetUpIconTest" time="0.201"/>
  <testcase classname="com.qa.CRM.tests.HomePageTests" name="verifyTheCountOfHeaderTest" time="0.019"/>
  <testcase classname="com.qa.CRM.tests.HomePageTests" name="clickOnContactsTest" time="0.753"/>
</testsuite> <!-- HomePage Test -->
