<?xml version="1.0" encoding="UTF-8"?>
<!-- Generated by org.testng.reporters.JUnitXMLReporter -->
<testsuite ignored="0" hostname="Nafisha" failures="0" tests="3" name="LoginPage Test" time="9.659" errors="0" timestamp="2023-01-30T18:42:06 EST">
  <testcase classname="com.qa.CRM.tests.LoginPageTest" name="verifyLoginPageTitleTest" time="0.087"/>
  <testcase classname="com.qa.CRM.tests.LoginPageTest" name="verifySignupLinkTest" time="0.098"/>
  <testcase classname="com.qa.CRM.tests.LoginPageTest" name="loginTest" time="4.244"/>
</testsuite> <!-- LoginPage Test -->
