<?xml version="1.0" encoding="UTF-8"?>
<!-- Generated by org.testng.reporters.JUnitXMLReporter -->
<testsuite ignored="0" hostname="Nafisha" failures="0" tests="3" name="LoginPage Test" time="13.057" errors="0" timestamp="2023-02-01T20:38:22 EST">
  <testcase classname="com.qa.CRM.tests.LoginPageTest" name="verifyLoginPageTitleTest" time="0.118"/>
  <testcase classname="com.qa.CRM.tests.LoginPageTest" name="verifySignupLinkTest" time="0.236"/>
  <testcase classname="com.qa.CRM.tests.LoginPageTest" name="loginTest" time="4.663"/>
</testsuite> <!-- LoginPage Test -->
