<?xml version="1.0" encoding="UTF-8"?>
<!-- Generated by org.testng.reporters.JUnitXMLReporter -->
<testsuite ignored="0" hostname="Nafisha" failures="0" tests="3" name="Command line test" time="3.742" errors="0" timestamp="2023-02-03T20:29:45 EST">
  <testcase classname="com.qa.CRM.tests.LoginPageTest" name="verifyLoginPageTitleTest" time="0.02"/>
  <testcase classname="com.qa.CRM.tests.LoginPageTest" name="verifySignupLinkTest" time="0.338"/>
  <testcase classname="com.qa.CRM.tests.LoginPageTest" name="loginTest" time="0.849"/>
</testsuite> <!-- Command line test -->
